Arguments: 
  /home/rezan/.nvm/versions/node/v12.19.0/bin/node /usr/share/yarn/bin/yarn.js add express express-validator gravatar jsonwebtoken mongoose request bycriptjs config

PATH: 
  /home/rezan/.nvm/versions/node/v12.19.0/bin:/home/rezan/.config/composer/vendor/bin:/home/rezan/.nimble/bin:/usr/local/lib/nodejs/node-v14.5.0-linux-x64/bin:/home/rezan/.cargo/bin:/home/rezan/go/bin:/home/rezan/bin:/home/rezan/.local/bin:/home/rezan/bin:/usr/local/sbin:/usr/local/bin:/usr/sbin:/usr/bin:/sbin:/bin:/usr/games:/usr/local/games:/snap/bin:/usr/local/go/bin:/usr/local/go/bin

Yarn version: 
  1.22.5

Node version: 
  12.19.0

Platform: 
  linux x64

Trace: 
  Error: https://registry.yarnpkg.com/bycriptjs: Not found
      at Request.params.callback [as _callback] (/usr/share/yarn/lib/cli.js:66988:18)
      at Request.self.callback (/usr/share/yarn/lib/cli.js:140749:22)
      at Request.emit (events.js:314:20)
      at Request.<anonymous> (/usr/share/yarn/lib/cli.js:141721:10)
      at Request.emit (events.js:314:20)
      at IncomingMessage.<anonymous> (/usr/share/yarn/lib/cli.js:141643:12)
      at Object.onceWrapper (events.js:420:28)
      at IncomingMessage.emit (events.js:326:22)
      at endReadableNT (_stream_readable.js:1223:12)
      at processTicksAndRejections (internal/process/task_queues.js:84:21)

npm manifest: 
  {
    "name": "dev-talk",
    "version": "1.0.0",
    "description": "MERN app for developer connection",
    "main": "server.js",
    "author": "Rezan",
    "license": "MIT"
  }

yarn manifest: 
  No manifest

Lockfile: 
  No lockfile
